<?xml version="1.0" encoding="UTF-8"?>
<!-- Generated by org.testng.reporters.JUnitReportReporter -->
<testsuite skipped="0" hostname="WIN7-KQFJQ527" name="seleniumTest.test.TestCase2" tests="1" failures="0" timestamp="13 二月 2019 07:40:40 GMT" time="0.749" errors="0">
  <testcase name="runWebdriver" time="0.749" classname="seleniumTest.test.TestCase2"/>
</testsuite> <!-- seleniumTest.test.TestCase2 -->
