<?xml version="1.0" encoding="UTF-8"?>
<!-- Generated by org.testng.reporters.JUnitReportReporter -->
<testsuite skipped="0" hostname="WIN7-KQFJQ527" name="seleniumTest.test.TestCase" tests="1" failures="0" timestamp="03 八月 2018 07:58:58 GMT" time="1.064" errors="0">
  <testcase name="runWebdriver" time="1.064" classname="seleniumTest.test.TestCase"/>
</testsuite> <!-- seleniumTest.test.TestCase -->
