<?xml version="1.0" encoding="UTF-8"?>
<!-- Generated by org.testng.reporters.JUnitReportReporter -->
<testsuite skipped="0" hostname="WIN7-KQFJQ527" name="seleniumTest.test.TestCase" tests="1" failures="0" timestamp="13 二月 2019 09:53:32 GMT" time="0.637" errors="0">
  <testcase name="runWebdriver" time="0.637" classname="seleniumTest.test.TestCase"/>
</testsuite> <!-- seleniumTest.test.TestCase -->
